Arguments: 
  C:\Program Files\nodejs\node.exe C:\Program Files (x86)\Yarn\bin\yarn.js

PATH: 
  C:\Program Files (x86)\Common Files\Oracle\Java\javapath;C:\WINDOWS\system32;C:\WINDOWS;C:\WINDOWS\System32\Wbem;C:\WINDOWS\System32\WindowsPowerShell\v1.0\;C:\WINDOWS\System32\OpenSSH\;C:\Program Files\Microsoft VS Code\bin;C:\Users\giris\AppData\Local\Programs\Python\Python38\Scripts\;C:\Users\giris\AppData\Local\Programs\Python\Python38\;C:\Users\giris\AppData\Local\Microsoft\WindowsApps;C:\Users\giris\AppData\Roaming\npm;C:\Program Files\heroku\bin;C:\adb;C:\Program Files (x86)\Yarn\bin\;C:\ProgramData\chocolatey\bin;C:\Program Files\nodejs\;C:\Program Files\Git\cmd;C:\Users\giris\AppData\Local\Programs\Python\Python38\Scripts\;C:\Users\giris\AppData\Local\Programs\Python\Python38\;C:\Users\giris\AppData\Local\Microsoft\WindowsApps;C:\Program Files\heroku\bin;C:\Users\giris\AppData\Local\Yarn\bin;C:\Users\giris\AppData\Roaming\npm;C:\Program Files\JetBrains\PyCharm Community Edition 2019.2.4\bin;

Yarn version: 
  1.22.4

Node version: 
  14.6.0

Platform: 
  win32 x64

Trace: 
  Error: getaddrinfo ENOTFOUND registry.yarnpkg.com
      at GetAddrInfoReqWrap.onlookup [as oncomplete] (dns.js:66:26)

npm manifest: 
  {
    "name": "nodeserver",
    "version": "1.0.0",
    "description": "This is node server for chat app",
    "main": "index.js",
    "scripts": {
      "start": "node index.js",
      "test": "echo \"Error: no test specified\" && exit 1"
    },
    "author": "Girish",
    "license": "ISC",
    "dependencies": {
      "socket.io": "^2.3.0"
    }
  }

yarn manifest: 
  No manifest

Lockfile: 
  No lockfile
